2022-03-20 12:54:51 INFO  .:69 - The execution of method loadFiles started here ...
2022-03-20 12:54:51 INFO  .:84 - The execution of method loadFiles ended here ...
2022-03-20 12:54:56 INFO  .:86 - The execution of method navigate started here ...
2022-03-20 12:55:02 INFO  .:98 - The execution of method navigate ended here ...
2022-03-20 12:55:02 INFO  .:166 - In Test Scenario Login the method navigate execution status is :Pass
2022-03-20 12:55:02 INFO  .:32 - The execution of method login started here ...
2022-03-20 12:55:08 INFO  .:50 - The execution of method login ended here ...
2022-03-20 12:55:08 INFO  .:166 - In Test Scenario Login the method login execution status is :Pass
2022-03-20 12:55:10 INFO  .:166 - In Test Scenario Login the method minimizeFlyOutWindow execution status is :Pass
2022-03-20 12:55:10 INFO  .:76 - The execution of method logout started here ...
2022-03-20 12:55:15 INFO  .:88 - The execution of method logout ended here ...
2022-03-20 12:55:15 INFO  .:166 - In Test Scenario Login the method logout execution status is :Pass
2022-03-20 12:55:15 INFO  .:121 - The execution of method closeApplication started here ...
2022-03-20 12:55:15 INFO  .:124 - The execution of method closeApplication ended here ...
2022-03-20 12:55:15 INFO  .:166 - In Test Scenario Login the method closeApplication execution status is :Pass
2022-03-20 12:55:15 INFO  .:180 - +++++++++++++++++++++++++++++++
2022-03-20 12:55:17 INFO  .:86 - The execution of method navigate started here ...
2022-03-20 12:55:22 INFO  .:98 - The execution of method navigate ended here ...
2022-03-20 12:55:22 INFO  .:166 - In Test Scenario CreateUser the method navigate execution status is :Pass
2022-03-20 12:55:23 INFO  .:32 - The execution of method login started here ...
2022-03-20 12:55:28 INFO  .:50 - The execution of method login ended here ...
2022-03-20 12:55:28 INFO  .:166 - In Test Scenario CreateUser the method login execution status is :Pass
2022-03-20 12:55:30 INFO  .:166 - In Test Scenario CreateUser the method minimizeFlyOutWindow execution status is :Pass
2022-03-20 12:55:30 INFO  .:32 - The execution of method createUser started here ...
2022-03-20 12:55:41 INFO  .:60 - The execution of method createUser ended here ...
2022-03-20 12:55:41 INFO  .:166 - In Test Scenario CreateUser the method createUser execution status is :Pass
2022-03-20 12:55:41 INFO  .:131 - The execution of method deleteUser started here ...
2022-03-20 12:55:50 INFO  .:147 - The execution of method deleteUser ended here ...
2022-03-20 12:55:50 INFO  .:166 - In Test Scenario CreateUser the method deleteUser execution status is :Pass
2022-03-20 12:55:50 INFO  .:76 - The execution of method logout started here ...
2022-03-20 12:55:55 INFO  .:88 - The execution of method logout ended here ...
2022-03-20 12:55:55 INFO  .:166 - In Test Scenario CreateUser the method logout execution status is :Pass
2022-03-20 12:55:55 INFO  .:121 - The execution of method closeApplication started here ...
2022-03-20 12:55:55 INFO  .:124 - The execution of method closeApplication ended here ...
2022-03-20 12:55:55 INFO  .:166 - In Test Scenario CreateUser the method closeApplication execution status is :Pass
2022-03-20 12:55:55 INFO  .:180 - +++++++++++++++++++++++++++++++
2022-03-20 12:55:57 INFO  .:86 - The execution of method navigate started here ...
2022-03-20 12:56:03 INFO  .:98 - The execution of method navigate ended here ...
2022-03-20 12:56:03 INFO  .:166 - In Test Scenario ModifyUser the method navigate execution status is :Pass
2022-03-20 12:56:03 INFO  .:32 - The execution of method login started here ...
2022-03-20 12:56:08 INFO  .:50 - The execution of method login ended here ...
2022-03-20 12:56:08 INFO  .:166 - In Test Scenario ModifyUser the method login execution status is :Pass
2022-03-20 12:56:10 INFO  .:166 - In Test Scenario ModifyUser the method minimizeFlyOutWindow execution status is :Pass
2022-03-20 12:56:10 INFO  .:32 - The execution of method createUser started here ...
2022-03-20 12:56:21 INFO  .:60 - The execution of method createUser ended here ...
2022-03-20 12:56:21 INFO  .:166 - In Test Scenario ModifyUser the method createUser execution status is :Pass
2022-03-20 12:56:21 INFO  .:86 - The execution of method modifyUser started here ...
2022-03-20 12:56:30 INFO  .:106 - The execution of method modifyUser ended here ...
2022-03-20 12:56:31 INFO  .:166 - In Test Scenario ModifyUser the method modifyUser execution status is :Fail
2022-03-20 12:56:31 INFO  .:131 - The execution of method deleteUser started here ...
2022-03-20 12:56:40 INFO  .:147 - The execution of method deleteUser ended here ...
2022-03-20 12:56:40 INFO  .:166 - In Test Scenario ModifyUser the method deleteUser execution status is :Pass
2022-03-20 12:56:40 INFO  .:76 - The execution of method logout started here ...
2022-03-20 12:56:45 INFO  .:88 - The execution of method logout ended here ...
2022-03-20 12:56:45 INFO  .:166 - In Test Scenario ModifyUser the method logout execution status is :Pass
2022-03-20 12:56:45 INFO  .:121 - The execution of method closeApplication started here ...
2022-03-20 12:56:45 INFO  .:124 - The execution of method closeApplication ended here ...
2022-03-20 12:56:45 INFO  .:166 - In Test Scenario ModifyUser the method closeApplication execution status is :Pass
2022-03-20 12:56:45 INFO  .:180 - +++++++++++++++++++++++++++++++
2022-03-20 12:56:45 INFO  .:180 - +++++++++++++++++++++++++++++++
2022-03-20 12:56:45 INFO  .:180 - +++++++++++++++++++++++++++++++
2022-03-20 12:56:45 INFO  .:180 - +++++++++++++++++++++++++++++++
2022-03-20 12:56:45 INFO  .:180 - +++++++++++++++++++++++++++++++
2022-03-20 12:56:45 INFO  .:183 - The execution of method executeTestScenarios ended here ...
2022-03-20 12:56:45 INFO  .:205 - The execution of method endAutomationSuite ended here ...
2022-03-20 12:56:45 INFO  .:208 - The execution of method endAutomationSuite ended here ...
